<?xml version="1.0" encoding="UTF-8"?>
<!-- Generated by org.testng.reporters.JUnitXMLReporter -->
<testsuite ignored="6" hostname="LAPTOP-2L4TB7K4" failures="1" tests="21" name="Test" time="344.563" errors="0" timestamp="2022-07-25T19:23:50 IST">
  <testcase classname="TestCases.LoginTest" name="Login" time="2.97"/>
  <testcase classname="TestCases.LoginTest" name="invalidlogin" time="0.882"/>
  <testcase classname="TestCases.LoginTest" name="invalidlogin" time="1.581"/>
  <testcase classname="TestCases.LoginTest" name="invalidlogin2" time="0.827"/>
  <testcase classname="TestCases.LoginTest" name="invalidlogin3" time="1.512"/>
  <testcase classname="TestCases.LoginTest" name="invalidloginblank" time="0.675"/>
  <testcase classname="TestCases.LoginTest" name="invalidloginblankuser" time="0.813"/>
  <testcase classname="TestCases.LoginTest" name="invalidloginblankpass" time="0.831"/>
  <testcase classname="TestCases.LoginTest" name="resetlink" time="0.846"/>
  <testcase classname="TestCases.HomeTest" name="deductionclick" time="6.384"/>
  <testcase classname="TestCases.HomeTest" name="logout" time="3.0"/>
  <testcase classname="TestCases.DeductionTest" name="clickPencil" time="5.14"/>
  <testcase classname="TestCases.DeductionTest" name="clickeye" time="3.754"/>
  <testcase classname="TestCases.DeductionTest" name="create_deduction" time="5.607"/>
  <testcase classname="TestCases.DeductionTest" name="create_deduction_blank" time="5.847">
    <failure type="java.lang.AssertionError" message="expected [Amount cannot be blank.] but found []">
      <![CDATA[java.lang.AssertionError: expected [Amount cannot be blank.] but found []
at TestCases.DeductionTest.create_deduction_blank(DeductionTest.java:121)
at java.base/java.util.ArrayList.forEach(ArrayList.java:1511)
... Removed 31 stack frames]]>
    </failure>
  </testcase> <!-- create_deduction_blank -->
  <testcase classname="TestCases.TimesheetTest" name="clickPending" time="4.302"/>
  <testcase classname="TestCases.TimesheetTest" name="eyeclick" time="4.343"/>
  <testcase classname="TestCases.TimesheetTest" name="geninvoice" time="3.713"/>
  <testcase classname="TestCases.TimesheetTest" name="genpayslip" time="3.842"/>
  <testcase classname="TestCases.TimesheetTest" name="pencilclick" time="5.809"/>
  <testcase classname="TestCases.TimesheetTest" name="tsascend" time="7.186"/>
  <testcase classname="com.payroll.BaseClass.BaseClass" name="@BeforeSuite loadConfig" time="0.0">
    <ignored/>
  </testcase> <!-- @BeforeSuite loadConfig -->
  <testcase classname="com.payroll.BaseClass.BaseClass" name="@BeforeSuite loadConfig" time="0.0">
    <ignored/>
  </testcase> <!-- @BeforeSuite loadConfig -->
  <testcase classname="com.payroll.BaseClass.BaseClass" name="@AfterSuite EndGame" time="0.0">
    <ignored/>
  </testcase> <!-- @AfterSuite EndGame -->
  <testcase classname="com.payroll.BaseClass.BaseClass" name="@BeforeSuite loadConfig" time="0.0">
    <ignored/>
  </testcase> <!-- @BeforeSuite loadConfig -->
  <testcase classname="com.payroll.BaseClass.BaseClass" name="@AfterSuite EndGame" time="0.0">
    <ignored/>
  </testcase> <!-- @AfterSuite EndGame -->
  <testcase classname="com.payroll.BaseClass.BaseClass" name="@AfterSuite EndGame" time="0.0">
    <ignored/>
  </testcase> <!-- @AfterSuite EndGame -->
</testsuite> <!-- Test -->
